<?xml version="1.0" encoding="UTF-8"?>
<!-- Generated by org.testng.reporters.JUnitReportReporter -->
<testsuite hostname="Prateek" failures="0" tests="1" name="SumValidation" time="1.795" errors="0" timestamp="2022-08-30T15:04:41 IST" skipped="0">
  <testcase classname="SumValidation" name="sumOfCourses" time="1.795"/>
  <system-out/>
</testsuite> <!-- SumValidation -->
