<?xml version="1.0" encoding="UTF-8"?>
<!-- Generated by org.testng.reporters.JUnitReportReporter -->
<testsuite hostname="Prateek" failures="0" tests="1" name="jiraAPI.AddAndUpdateComment" time="3.064" errors="0" timestamp="2022-09-01T11:45:35 IST" skipped="0">
  <testcase classname="jiraAPI.AddAndUpdateComment" name="tc1" time="3.064"/>
  <system-out/>
</testsuite> <!-- jiraAPI.AddAndUpdateComment -->
