<?xml version="1.0" encoding="UTF-8"?>
<!-- Generated by org.testng.reporters.JUnitReportReporter -->
<testsuite hostname="Prateek" failures="0" tests="3" name="files.DynamicJson" time="3.575" errors="0" timestamp="2022-08-30T16:56:11 IST" skipped="0">
  <testcase classname="files.DynamicJson" name="addBook" time="0.316"/>
  <system-out/>
  <testcase classname="files.DynamicJson" name="addBook" time="0.300"/>
  <system-out/>
  <testcase classname="files.DynamicJson" name="addBook" time="2.959"/>
  <system-out/>
</testsuite> <!-- files.DynamicJson -->
